[2019-10-17T20:54:03.662] [INFO] app - printed: e:\workspace\shareprint\企业\gx_qy_printer\printjobs\ps\23f6db50-f0dd-11e9-8e1b-5fa15d3d0e57.ps
[2019-10-17T21:00:07.561] [INFO] app - printed: e:\workspace\shareprint\企业\gx_qy_printer\printjobs\ps\0b5b9cb0-f0de-11e9-91f5-b3f13823d804.ps
[2019-10-17T21:01:36.448] [ERROR] app - uploadfile:  { Error: read ECONNRESET
    at TCP.onStreamRead (internal/stream_base_commons.js:111:27)
  errno: 'ECONNRESET',
  code: 'ECONNRESET',
  syscall: 'read',
  name: 'ResponseError',
  data: undefined,
  path: '/uploadapi/doUpload',
  status: -1,
  headers: {},
  res:
   { status: -1,
     statusCode: -1,
     statusMessage: null,
     headers: {},
     size: 0,
     aborted: false,
     rt: 64,
     keepAliveSocket: false,
     data: undefined,
     requestUrls: [ 'http://localhost:8080/uploadapi/doUpload' ],
     timing: null,
     remoteAddress: '127.0.0.1',
     remotePort: 8080,
     socketHandledRequests: 1,
     socketHandledResponses: 0 } }
[2019-10-17T21:01:54.417] [INFO] app - printed: e:\workspace\shareprint\企业\gx_qy_printer\printjobs\ps\4b0add80-f0de-11e9-8dcd-d30e4345d7a7.ps
[2019-10-17T21:11:14.237] [INFO] app - printed: e:\workspace\shareprint\企业\gx_qy_printer\printjobs\ps\98ba24e0-f0df-11e9-b4d3-cf2e3928502a.ps
[2019-10-17T21:16:02.094] [INFO] app - printed: e:\workspace\shareprint\企业\gx_qy_printer\printjobs\ps\444e1820-f0e0-11e9-a76b-a390b7bc5f9a.ps
[2019-10-17T21:18:34.734] [INFO] app - printed: e:\workspace\shareprint\企业\gx_qy_printer\printjobs\ps\9f48f510-f0e0-11e9-bcdb-83a4149f68e6.ps
[2019-10-17T21:18:41.450] [ERROR] app - get_color:  TypeError [ERR_INVALID_ARG_TYPE]: The "path" argument must be one of type string, Buffer, or URL. Received type undefined
    at Object.open (fs.js:408:3)
    at ReadStream.open (internal/fs/streams.js:110:12)
    at new ReadStream (internal/fs/streams.js:99:10)
    at Object.createReadStream (fs.js:1732:10)
    at Promise (e:\workspace\shareprint\企业\gx_qy_printer\utils\util.js:98:27)
    at new Promise (<anonymous>)
    at Object.get_ps_obj (e:\workspace\shareprint\企业\gx_qy_printer\utils\util.js:95:16)
    at WriteStream.job.pipe.on (e:\workspace\shareprint\企业\gx_qy_printer\bin.js:83:27)
    at process._tickCallback (internal/process/next_tick.js:68:7)
[2019-10-17T21:22:36.002] [INFO] app - printed: e:\workspace\shareprint\企业\gx_qy_printer\printjobs\ps\2f17d670-f0e1-11e9-8038-71790489d677.ps
[2019-10-17T21:22:36.044] [ERROR] app - get_color:  TypeError [ERR_INVALID_ARG_TYPE]: The "path" argument must be one of type string, Buffer, or URL. Received type undefined
    at Object.open (fs.js:408:3)
    at ReadStream.open (internal/fs/streams.js:110:12)
    at new ReadStream (internal/fs/streams.js:99:10)
    at Object.createReadStream (fs.js:1732:10)
    at Promise (e:\workspace\shareprint\企业\gx_qy_printer\utils\util.js:98:27)
    at new Promise (<anonymous>)
    at Object.get_ps_obj (e:\workspace\shareprint\企业\gx_qy_printer\utils\util.js:95:16)
    at WriteStream.job.pipe.on (e:\workspace\shareprint\企业\gx_qy_printer\bin.js:84:27)
    at process._tickCallback (internal/process/next_tick.js:68:7)
[2019-10-17T21:22:40.851] [INFO] app - ps_obj:  {}
[2019-10-17T21:23:30.606] [INFO] app - jsonobj: { id: '2f17d670-f0e1-11e9-8038-71790489d677',
  print_host: undefined,
  print_by: '76228',
  doc_name: '测试页',
  dept_id: '',
  dept_name: '',
  print_time: '2019-10-17 21:23:26',
  pagesize: undefined,
  colormode: 'black',
  duplex: 0,
  copies: 1,
  total_pages: NaN,
  price: 1,
  money: 1,
  doc_url:
   'http://localhost:8080/download?file=20191017%2F15713185560193049.ps&root=localupload',
  pdf_url:
   'e:\\workspace\\shareprint\\企业\\gx_qy_printer\\printjobs\\pdf\\2f17d670-f0e1-11e9-8038-71790489d677.pdf',
  shenhe_by: '',
  shenhe_status: 0,
  print_status: 0 }
[2019-10-17T21:23:57.101] [INFO] app - post data: { fieldCount: 0,
  affectedRows: 1,
  insertId: '2f17d670-f0e1-11e9-8038-71790489d677',
  info: '',
  serverStatus: 2,
  warningStatus: 0,
  code: 0,
  msg: 'ok' }
[2019-10-17T21:23:57.101] [INFO] app - post data.code: 0
